Arguments: 
  /usr/local/bin/node /usr/local/Cellar/yarn/0.27.5_1/libexec/bin/yarn.js add react-navigation

PATH: 
  /opt/local/bin:/opt/local/sbin:/usr/local/bin:/usr/bin:/bin:/usr/sbin:/sbin

Yarn version: 
  0.27.5

Node version: 
  6.11.2

Platform: 
  darwin x64

npm manifest: 
  {
    "name": "bewingoapp",
    "version": "0.0.0",
    "description": "Hello Expo!",
    "author": null,
    "private": true,
    "main": "node_modules/expo/AppEntry.js",
    "dependencies": {
      "expo": "^20.0.0",
      "react": "16.0.0-alpha.12",
      "react-native": "https://github.com/expo/react-native/archive/sdk-20.0.0.tar.gz",
      "react-navigation": "^1.0.0-beta.11"
    }
  }

yarn manifest: 
  No manifest

Lockfile: 
  No lockfile

Trace: 
  Error: EACCES: permission denied, mkdir '/Users/alacaesar/Library/Caches/Yarn/v1/npm-@expo/vector-icons-5.2.0-877f75c00bf21313cdb231c92cbcfd40e46ee2a1'
      at Error (native)
